<?xml version="1.0" encoding="UTF-8"?>
<!-- Generated by org.testng.reporters.JUnitReportReporter -->
<testsuite hostname="jemmyj-mba" name="messenger.android.MainApp" tests="1" failures="0" timestamp="28 Sep 2017 07:37:02 GMT" time="26.934" errors="0">
  <testcase name="tabGroups" time="26.934" classname="messenger.android.MainApp"/>
</testsuite> <!-- messenger.android.MainApp -->
